<?xml version="1.0" encoding="UTF-8"?>
<!-- Generated by org.testng.reporters.JUnitReportReporter -->
<testsuite hostname="DESKTOP-CD8JFBV" failures="0" tests="1" name="ExtentReportBasic.SampleReport" time="0.348" errors="0" timestamp="2024-10-21T08:46:03 IST" skipped="0">
  <testcase classname="ExtentReportBasic.SampleReport" name="Sample" time="0.348"/>
</testsuite> <!-- ExtentReportBasic.SampleReport -->
