<?xml version="1.0" encoding="UTF-8"?>
<!-- Generated by org.testng.reporters.JUnitReportReporter -->
<testsuite hostname="DESKTOP-CD8JFBV" failures="0" tests="1" name="ExtentReportBasic.Testing5" time="0.012" errors="0" timestamp="2024-10-22T08:59:45 IST" skipped="0">
  <testcase classname="ExtentReportBasic.Testing5" name="main5" time="0.012">
    <system-out>
      <![CDATA[iam the main5]]>
    </system-out>
  </testcase> <!-- main5 -->
  <system-out>
    <![CDATA[login
iam the main5
logOut
login
iam the main4
logOut
login
iam the main1
logOut
login
iam the main3
logOut
login
iam the main2
logOut]]>
  </system-out>
</testsuite> <!-- ExtentReportBasic.Testing5 -->
